[ 2023-12-17T04:28:04+08:00 ] Demo001.io /favicon.ico
INFO: [ app_init ] --START--
INFO: Run Behavior\BuildLiteBehavior [ RunTime:0.000014s ]
INFO: [ app_init ] --END-- [ RunTime:0.000642s ]
ERR: 无法加载模块:Favicon

[ 2023-12-17T04:28:41+08:00 ] Demo001.io /Public/Home/statics/web/js/maps/swiper.jquery.min.js.map
INFO: [ app_init ] --START--
INFO: Run Behavior\BuildLiteBehavior [ RunTime:0.000019s ]
INFO: [ app_init ] --END-- [ RunTime:0.000614s ]
ERR: 无法加载模块:Public

[ 2023-12-17T04:28:52+08:00 ] Demo001.io /Public/Home/statics/web/js/maps/swiper.jquery.min.js.map
INFO: [ app_init ] --START--
INFO: Run Behavior\BuildLiteBehavior [ RunTime:0.000009s ]
INFO: [ app_init ] --END-- [ RunTime:0.000372s ]
ERR: 无法加载模块:Public

[ 2023-12-17T04:28:54+08:00 ] Demo001.io /Public/Home//statics/web/extend/Validform_v5.3.2/css/style.css
INFO: [ app_init ] --START--
INFO: Run Behavior\BuildLiteBehavior [ RunTime:0.000017s ]
INFO: [ app_init ] --END-- [ RunTime:0.006128s ]
ERR: 无法加载模块:Public

[ 2023-12-17T04:28:54+08:00 ] Demo001.io /Public/Home/statics/web/extend/Validform_v5.3.2/js/Validform_v5.3.2_min.js
INFO: [ app_init ] --START--
INFO: Run Behavior\BuildLiteBehavior [ RunTime:0.000012s ]
INFO: [ app_init ] --END-- [ RunTime:0.000554s ]
ERR: 无法加载模块:Public

[ 2023-12-17T04:28:54+08:00 ] Demo001.io /Public/Home//statics/web/css/s_min.css
INFO: [ app_init ] --START--
INFO: Run Behavior\BuildLiteBehavior [ RunTime:0.000010s ]
INFO: [ app_init ] --END-- [ RunTime:0.000632s ]
ERR: 无法加载模块:Public

[ 2023-12-17T04:29:07+08:00 ] Demo001.io /Public/Home//statics/web/extend/Validform_v5.3.2/css/style.css
INFO: [ app_init ] --START--
INFO: Run Behavior\BuildLiteBehavior [ RunTime:0.000008s ]
INFO: [ app_init ] --END-- [ RunTime:0.000397s ]
ERR: 无法加载模块:Public

[ 2023-12-17T04:29:07+08:00 ] Demo001.io /Public/Home/statics/web/extend/Validform_v5.3.2/js/Validform_v5.3.2_min.js
INFO: [ app_init ] --START--
INFO: Run Behavior\BuildLiteBehavior [ RunTime:0.000011s ]
INFO: [ app_init ] --END-- [ RunTime:0.000399s ]
ERR: 无法加载模块:Public

[ 2023-12-17T04:29:07+08:00 ] Demo001.io /Public/Home//statics/web/css/s_min.css
INFO: [ app_init ] --START--
INFO: Run Behavior\BuildLiteBehavior [ RunTime:0.000008s ]
INFO: [ app_init ] --END-- [ RunTime:0.000262s ]
ERR: 无法加载模块:Public

[ 2023-12-17T04:29:36+08:00 ] 167.94.146.58 /favicon.ico
INFO: [ app_init ] --START--
INFO: Run Behavior\BuildLiteBehavior [ RunTime:0.000009s ]
INFO: [ app_init ] --END-- [ RunTime:0.000339s ]
ERR: 无法加载模块:Favicon

[ 2023-12-17T04:41:15+08:00 ] Demo001.io /Public/Home//statics/web/extend/Validform_v5.3.2/css/style.css
INFO: [ app_init ] --START--
INFO: Run Behavior\BuildLiteBehavior [ RunTime:0.000009s ]
INFO: [ app_init ] --END-- [ RunTime:0.000311s ]
ERR: 无法加载模块:Public

[ 2023-12-17T04:41:15+08:00 ] Demo001.io /Public/Home/statics/web/extend/Validform_v5.3.2/js/Validform_v5.3.2_min.js
INFO: [ app_init ] --START--
INFO: Run Behavior\BuildLiteBehavior [ RunTime:0.000019s ]
INFO: [ app_init ] --END-- [ RunTime:0.000507s ]
ERR: 无法加载模块:Public

[ 2023-12-17T04:41:15+08:00 ] Demo001.io /Public/Home//statics/web/css/s_min.css
INFO: [ app_init ] --START--
INFO: Run Behavior\BuildLiteBehavior [ RunTime:0.000013s ]
INFO: [ app_init ] --END-- [ RunTime:0.000489s ]
ERR: 无法加载模块:Public

[ 2023-12-17T04:42:09+08:00 ] ::1 /phpn
INFO: [ app_init ] --START--
INFO: Run Behavior\BuildLiteBehavior [ RunTime:0.000009s ]
INFO: [ app_init ] --END-- [ RunTime:0.000381s ]
ERR: 无法加载模块:Phpn

[ 2023-12-17T04:42:09+08:00 ] ::1 /favicon.ico
INFO: [ app_init ] --START--
INFO: Run Behavior\BuildLiteBehavior [ RunTime:0.000012s ]
INFO: [ app_init ] --END-- [ RunTime:0.000470s ]
ERR: 无法加载模块:Favicon

[ 2023-12-17T04:46:59+08:00 ] Demo001.io /Uploads//carousel/kefu/2019-10-05/5d98b49b2756c.jpg
INFO: [ app_init ] --START--
INFO: Run Behavior\BuildLiteBehavior [ RunTime:0.000035s ]
INFO: [ app_init ] --END-- [ RunTime:0.000527s ]
ERR: 无法加载模块:Uploads

[ 2023-12-17T04:47:00+08:00 ] Demo001.io /favicon.ico
INFO: [ app_init ] --START--
INFO: Run Behavior\BuildLiteBehavior [ RunTime:0.000027s ]
INFO: [ app_init ] --END-- [ RunTime:0.000375s ]
ERR: 无法加载模块:Favicon

[ 2023-12-17T04:47:02+08:00 ] Demo001.io /Public/Home//statics/web/extend/Validform_v5.3.2/css/style.css
INFO: [ app_init ] --START--
INFO: Run Behavior\BuildLiteBehavior [ RunTime:0.000008s ]
INFO: [ app_init ] --END-- [ RunTime:0.000339s ]
ERR: 无法加载模块:Public

[ 2023-12-17T04:47:02+08:00 ] Demo001.io /Public/Home/statics/web/extend/Validform_v5.3.2/js/Validform_v5.3.2_min.js
INFO: [ app_init ] --START--
INFO: Run Behavior\BuildLiteBehavior [ RunTime:0.000013s ]
INFO: [ app_init ] --END-- [ RunTime:0.000646s ]
ERR: 无法加载模块:Public

[ 2023-12-17T04:47:02+08:00 ] Demo001.io /Public/Home//statics/web/css/s_min.css
INFO: [ app_init ] --START--
INFO: Run Behavior\BuildLiteBehavior [ RunTime:0.000010s ]
INFO: [ app_init ] --END-- [ RunTime:0.000378s ]
ERR: 无法加载模块:Public

[ 2023-12-17T04:47:21+08:00 ] Demo001.io /Uploads//carousel/kefu/2019-10-05/5d98b49b2756c.jpg
INFO: [ app_init ] --START--
INFO: Run Behavior\BuildLiteBehavior [ RunTime:0.000013s ]
INFO: [ app_init ] --END-- [ RunTime:0.000781s ]
ERR: 无法加载模块:Uploads

[ 2023-12-17T04:47:23+08:00 ] Demo001.io /Uploads//carousel/kefu/2019-10-05/5d98b49b2756c.jpg
INFO: [ app_init ] --START--
INFO: Run Behavior\BuildLiteBehavior [ RunTime:0.000009s ]
INFO: [ app_init ] --END-- [ RunTime:0.000469s ]
ERR: 无法加载模块:Uploads

[ 2023-12-17T04:47:25+08:00 ] Demo001.io /Uploads//carousel/kefu/2019-10-05/5d98b49b2756c.jpg
INFO: [ app_init ] --START--
INFO: Run Behavior\BuildLiteBehavior [ RunTime:0.000013s ]
INFO: [ app_init ] --END-- [ RunTime:0.000510s ]
ERR: 无法加载模块:Uploads

[ 2023-12-17T04:47:37+08:00 ] Demo001.io /Public/Admin/css/bootstrap.min.css.map
INFO: [ app_init ] --START--
INFO: Run Behavior\BuildLiteBehavior [ RunTime:0.000014s ]
INFO: [ app_init ] --END-- [ RunTime:0.000513s ]
ERR: 无法加载模块:Public

[ 2023-12-17T04:47:49+08:00 ] Demo001.io /Public/Admin/css/bootstrap.min.css.map
INFO: [ app_init ] --START--
INFO: Run Behavior\BuildLiteBehavior [ RunTime:0.000011s ]
INFO: [ app_init ] --END-- [ RunTime:0.000591s ]
ERR: 无法加载模块:Public

[ 2023-12-17T05:03:16+08:00 ] Demo001.io /Public/Home/statics/web/js/maps/swiper.jquery.min.js.map
INFO: [ app_init ] --START--
INFO: Run Behavior\BuildLiteBehavior [ RunTime:0.000011s ]
INFO: [ app_init ] --END-- [ RunTime:0.000467s ]
ERR: 无法加载模块:Public

[ 2023-12-17T05:03:16+08:00 ] Demo001.io /Uploads//carousel/kefu/2019-10-05/5d98b49b2756c.jpg
INFO: [ app_init ] --START--
INFO: Run Behavior\BuildLiteBehavior [ RunTime:0.000011s ]
INFO: [ app_init ] --END-- [ RunTime:0.000484s ]
ERR: 无法加载模块:Uploads

[ 2023-12-17T05:06:14+08:00 ] Demo001.io /Uploads//carousel/kefu/2019-10-05/5d98b49b2756c.jpg
INFO: [ app_init ] --START--
INFO: Run Behavior\BuildLiteBehavior [ RunTime:0.000018s ]
INFO: [ app_init ] --END-- [ RunTime:0.000702s ]
ERR: 无法加载模块:Uploads

[ 2023-12-17T05:06:19+08:00 ] Demo001.io /Uploads//carousel/kefu/2019-10-05/5d98b49b2756c.jpg
INFO: [ app_init ] --START--
INFO: Run Behavior\BuildLiteBehavior [ RunTime:0.000011s ]
INFO: [ app_init ] --END-- [ RunTime:0.000480s ]
ERR: 无法加载模块:Uploads

[ 2023-12-17T05:07:51+08:00 ] Demo001.io /Uploads//carousel/kefu/2019-10-05/5d98b49b2756c.jpg
INFO: [ app_init ] --START--
INFO: Run Behavior\BuildLiteBehavior [ RunTime:0.000008s ]
INFO: [ app_init ] --END-- [ RunTime:0.000284s ]
ERR: 无法加载模块:Uploads

[ 2023-12-17T05:07:52+08:00 ] 4.17.224.133 /laravel/.env
INFO: [ app_init ] --START--
INFO: Run Behavior\BuildLiteBehavior [ RunTime:0.000012s ]
INFO: [ app_init ] --END-- [ RunTime:0.000406s ]
ERR: 无法加载模块:Laravel

[ 2023-12-17T05:07:53+08:00 ] 4.17.224.133 /laravel
INFO: [ app_init ] --START--
INFO: Run Behavior\BuildLiteBehavior [ RunTime:0.000009s ]
INFO: [ app_init ] --END-- [ RunTime:0.000396s ]
ERR: 无法加载模块:Laravel

[ 2023-12-17T05:13:11+08:00 ] 167.94.138.34 /favicon.ico
INFO: [ app_init ] --START--
INFO: Run Behavior\BuildLiteBehavior [ RunTime:0.000014s ]
INFO: [ app_init ] --END-- [ RunTime:0.000578s ]
ERR: 无法加载模块:Favicon

[ 2023-12-17T05:16:48+08:00 ] Demo001.io /Public/Admin/css/bootstrap.min.css.map
INFO: [ app_init ] --START--
INFO: Run Behavior\BuildLiteBehavior [ RunTime:0.000014s ]
INFO: [ app_init ] --END-- [ RunTime:0.000648s ]
ERR: 无法加载模块:Public

[ 2023-12-17T05:16:48+08:00 ] Demo001.io /Public/Admin/css/bootstrap.min.css.map
INFO: [ app_init ] --START--
INFO: Run Behavior\BuildLiteBehavior [ RunTime:0.000009s ]
INFO: [ app_init ] --END-- [ RunTime:0.000381s ]
ERR: 无法加载模块:Public

[ 2023-12-17T05:17:16+08:00 ] 104.28.254.75 /favicon.ico
INFO: [ app_init ] --START--
INFO: Run Behavior\BuildLiteBehavior [ RunTime:0.000010s ]
INFO: [ app_init ] --END-- [ RunTime:0.000526s ]
ERR: 无法加载模块:Favicon

[ 2023-12-17T05:17:16+08:00 ] 104.28.254.75 /apple-touch-icon.png
INFO: [ app_init ] --START--
INFO: Run Behavior\BuildLiteBehavior [ RunTime:0.000013s ]
INFO: [ app_init ] --END-- [ RunTime:0.000471s ]
ERR: 无法加载模块:Apple-touch-icon

[ 2023-12-17T05:17:16+08:00 ] 104.28.254.75 /apple-touch-icon-precomposed.png
INFO: [ app_init ] --START--
INFO: Run Behavior\BuildLiteBehavior [ RunTime:0.000014s ]
INFO: [ app_init ] --END-- [ RunTime:0.000558s ]
ERR: 无法加载模块:Apple-touch-icon-precomposed

[ 2023-12-17T05:17:43+08:00 ] 171.224.178.51 /Uploads//carousel/kefu/2019-10-05/5d98b49b2756c.jpg
INFO: [ app_init ] --START--
INFO: Run Behavior\BuildLiteBehavior [ RunTime:0.000009s ]
INFO: [ app_init ] --END-- [ RunTime:0.000336s ]
ERR: 无法加载模块:Uploads

[ 2023-12-17T05:17:43+08:00 ] 171.224.178.51 /favicon.ico
INFO: [ app_init ] --START--
INFO: Run Behavior\BuildLiteBehavior [ RunTime:0.000012s ]
INFO: [ app_init ] --END-- [ RunTime:0.000344s ]
ERR: 无法加载模块:Favicon

[ 2023-12-17T05:17:49+08:00 ] 171.224.178.51 /Public/Home/statics/web/extend/Validform_v5.3.2/js/Validform_v5.3.2_min.js
INFO: [ app_init ] --START--
INFO: Run Behavior\BuildLiteBehavior [ RunTime:0.000020s ]
INFO: [ app_init ] --END-- [ RunTime:0.000493s ]
ERR: 无法加载模块:Public

[ 2023-12-17T05:17:49+08:00 ] 171.224.178.51 /Public/Home//statics/web/css/s_min.css
INFO: [ app_init ] --START--
INFO: Run Behavior\BuildLiteBehavior [ RunTime:0.000014s ]
INFO: [ app_init ] --END-- [ RunTime:0.000452s ]
ERR: 无法加载模块:Public

[ 2023-12-17T05:17:49+08:00 ] 171.224.178.51 /Public/Home//statics/web/extend/Validform_v5.3.2/css/style.css
INFO: [ app_init ] --START--
INFO: Run Behavior\BuildLiteBehavior [ RunTime:0.000012s ]
INFO: [ app_init ] --END-- [ RunTime:0.000374s ]
ERR: 无法加载模块:Public

[ 2023-12-17T05:19:09+08:00 ] 171.224.178.51 /Uploads//carousel/kefu/2019-10-05/5d98b49b2756c.jpg
INFO: [ app_init ] --START--
INFO: Run Behavior\BuildLiteBehavior [ RunTime:0.000014s ]
INFO: [ app_init ] --END-- [ RunTime:0.000737s ]
ERR: 无法加载模块:Uploads

[ 2023-12-17T05:19:11+08:00 ] 171.224.178.51 /Uploads//carousel/kefu/2019-10-05/5d98b49b2756c.jpg
INFO: [ app_init ] --START--
INFO: Run Behavior\BuildLiteBehavior [ RunTime:0.000008s ]
INFO: [ app_init ] --END-- [ RunTime:0.000304s ]
ERR: 无法加载模块:Uploads

[ 2023-12-17T05:19:12+08:00 ] 171.224.178.51 /Uploads//carousel/kefu/2019-10-05/5d98b49b2756c.jpg
INFO: [ app_init ] --START--
INFO: Run Behavior\BuildLiteBehavior [ RunTime:0.000010s ]
INFO: [ app_init ] --END-- [ RunTime:0.000538s ]
ERR: 无法加载模块:Uploads

[ 2023-12-17T05:19:14+08:00 ] 171.224.178.51 /Uploads//carousel/kefu/2019-10-05/5d98b49b2756c.jpg
INFO: [ app_init ] --START--
INFO: Run Behavior\BuildLiteBehavior [ RunTime:0.000012s ]
INFO: [ app_init ] --END-- [ RunTime:0.000405s ]
ERR: 无法加载模块:Uploads

[ 2023-12-17T05:19:24+08:00 ] 171.224.178.51 /Uploads//carousel/kefu/2019-10-05/5d98b49b2756c.jpg
INFO: [ app_init ] --START--
INFO: Run Behavior\BuildLiteBehavior [ RunTime:0.000009s ]
INFO: [ app_init ] --END-- [ RunTime:0.000430s ]
ERR: 无法加载模块:Uploads

[ 2023-12-17T05:19:28+08:00 ] Demo001.io /pcdd.php
INFO: [ app_init ] --START--
INFO: Run Behavior\BuildLiteBehavior [ RunTime:0.000015s ]
INFO: [ app_init ] --END-- [ RunTime:0.000423s ]
ERR: 无法加载模块:Pcdd

[ 2023-12-17T05:19:29+08:00 ] Demo001.io /favicon.ico
INFO: [ app_init ] --START--
INFO: Run Behavior\BuildLiteBehavior [ RunTime:0.000009s ]
INFO: [ app_init ] --END-- [ RunTime:0.000305s ]
ERR: 无法加载模块:Favicon

[ 2023-12-17T05:19:35+08:00 ] Demo001.io /Uploads//carousel/kefu/2019-10-05/5d98b49b2756c.jpg
INFO: [ app_init ] --START--
INFO: Run Behavior\BuildLiteBehavior [ RunTime:0.000013s ]
INFO: [ app_init ] --END-- [ RunTime:0.000511s ]
ERR: 无法加载模块:Uploads

[ 2023-12-17T05:19:37+08:00 ] Demo001.io /Public/Home//statics/web/extend/Validform_v5.3.2/css/style.css
INFO: [ app_init ] --START--
INFO: Run Behavior\BuildLiteBehavior [ RunTime:0.000008s ]
INFO: [ app_init ] --END-- [ RunTime:0.000405s ]
ERR: 无法加载模块:Public

[ 2023-12-17T05:19:37+08:00 ] Demo001.io /Public/Home/statics/web/extend/Validform_v5.3.2/js/Validform_v5.3.2_min.js
INFO: [ app_init ] --START--
INFO: Run Behavior\BuildLiteBehavior [ RunTime:0.000010s ]
INFO: [ app_init ] --END-- [ RunTime:0.000370s ]
ERR: 无法加载模块:Public

[ 2023-12-17T05:19:37+08:00 ] Demo001.io /Public/Home//statics/web/css/s_min.css
INFO: [ app_init ] --START--
INFO: Run Behavior\BuildLiteBehavior [ RunTime:0.000008s ]
INFO: [ app_init ] --END-- [ RunTime:0.000269s ]
ERR: 无法加载模块:Public

[ 2023-12-17T05:19:45+08:00 ] Demo001.io /newly.do?token=t92f294b93daf64d3k&code=bjkl8&format=json
INFO: [ app_init ] --START--
INFO: Run Behavior\BuildLiteBehavior [ RunTime:0.000009s ]
INFO: [ app_init ] --END-- [ RunTime:0.000359s ]
ERR: 无法加载模块:Newly

[ 2023-12-17T05:20:06+08:00 ] Demo001.io /caiji/?name=bjpks
INFO: [ app_init ] --START--
INFO: Run Behavior\BuildLiteBehavior [ RunTime:0.000014s ]
INFO: [ app_init ] --END-- [ RunTime:0.001235s ]
ERR: 无法加载模块:Caiji

[ 2023-12-17T05:20:06+08:00 ] Demo001.io /caiji/?name=bjpks
INFO: [ app_init ] --START--
INFO: Run Behavior\BuildLiteBehavior [ RunTime:0.000014s ]
INFO: [ app_init ] --END-- [ RunTime:0.000571s ]
ERR: 无法加载模块:Caiji

[ 2023-12-17T05:20:07+08:00 ] Demo001.io /favicon.ico
INFO: [ app_init ] --START--
INFO: Run Behavior\BuildLiteBehavior [ RunTime:0.000008s ]
INFO: [ app_init ] --END-- [ RunTime:0.000345s ]
ERR: 无法加载模块:Favicon

[ 2023-12-17T05:20:23+08:00 ] 171.224.178.51 /Public/Home/statics/web/extend/Validform_v5.3.2/js/Validform_v5.3.2_min.js
INFO: [ app_init ] --START--
INFO: Run Behavior\BuildLiteBehavior [ RunTime:0.000012s ]
INFO: [ app_init ] --END-- [ RunTime:0.000411s ]
ERR: 无法加载模块:Public

[ 2023-12-17T05:20:23+08:00 ] 171.224.178.51 /Public/Home//statics/web/extend/Validform_v5.3.2/css/style.css
INFO: [ app_init ] --START--
INFO: Run Behavior\BuildLiteBehavior [ RunTime:0.000015s ]
INFO: [ app_init ] --END-- [ RunTime:0.000856s ]
ERR: 无法加载模块:Public

[ 2023-12-17T05:20:23+08:00 ] 171.224.178.51 /Public/Home//statics/web/css/s_min.css
INFO: [ app_init ] --START--
INFO: Run Behavior\BuildLiteBehavior [ RunTime:0.000009s ]
INFO: [ app_init ] --END-- [ RunTime:0.000366s ]
ERR: 无法加载模块:Public

[ 2023-12-17T05:21:45+08:00 ] 171.224.178.51 /Uploads//carousel/kefu/2019-10-05/5d98b49b2756c.jpg
INFO: [ app_init ] --START--
INFO: Run Behavior\BuildLiteBehavior [ RunTime:0.000015s ]
INFO: [ app_init ] --END-- [ RunTime:0.000722s ]
ERR: 无法加载模块:Uploads

[ 2023-12-17T05:21:50+08:00 ] 171.224.178.51 /Uploads//carousel/kefu/2019-10-05/5d98b49b2756c.jpg
INFO: [ app_init ] --START--
INFO: Run Behavior\BuildLiteBehavior [ RunTime:0.000008s ]
INFO: [ app_init ] --END-- [ RunTime:0.000301s ]
ERR: 无法加载模块:Uploads

[ 2023-12-17T05:22:23+08:00 ] 171.224.178.51 /Uploads//carousel/kefu/2019-10-05/5d98b49b2756c.jpg
INFO: [ app_init ] --START--
INFO: Run Behavior\BuildLiteBehavior [ RunTime:0.000012s ]
INFO: [ app_init ] --END-- [ RunTime:0.000405s ]
ERR: 无法加载模块:Uploads

[ 2023-12-17T05:22:28+08:00 ] Demo001.io /Public/Admin/css/bootstrap.min.css.map
INFO: [ app_init ] --START--
INFO: Run Behavior\BuildLiteBehavior [ RunTime:0.000011s ]
INFO: [ app_init ] --END-- [ RunTime:0.000394s ]
ERR: 无法加载模块:Public

[ 2023-12-17T05:22:29+08:00 ] Demo001.io /Public/Admin/css/bootstrap.min.css.map
INFO: [ app_init ] --START--
INFO: Run Behavior\BuildLiteBehavior [ RunTime:0.000016s ]
INFO: [ app_init ] --END-- [ RunTime:0.000369s ]
ERR: 无法加载模块:Public

[ 2023-12-17T05:22:35+08:00 ] 171.224.178.51 /Uploads//carousel/kefu/2019-10-05/5d98b49b2756c.jpg
INFO: [ app_init ] --START--
INFO: Run Behavior\BuildLiteBehavior [ RunTime:0.000014s ]
INFO: [ app_init ] --END-- [ RunTime:0.000643s ]
ERR: 无法加载模块:Uploads

[ 2023-12-17T05:22:38+08:00 ] 171.224.178.51 /Uploads//carousel/kefu/2019-10-05/5d98b49b2756c.jpg
INFO: [ app_init ] --START--
INFO: Run Behavior\BuildLiteBehavior [ RunTime:0.000013s ]
INFO: [ app_init ] --END-- [ RunTime:0.000803s ]
ERR: 无法加载模块:Uploads

[ 2023-12-17T06:10:28+08:00 ] Demo001.io /caiji/?name=bjpks
INFO: [ app_init ] --START--
INFO: Run Behavior\BuildLiteBehavior [ RunTime:0.000015s ]
INFO: [ app_init ] --END-- [ RunTime:0.000458s ]
ERR: 无法加载模块:Caiji

[ 2023-12-17T06:14:10+08:00 ] Demo001.io /newly.do?token=t92f294b93daf64d3k&code=bjkl8&format=json
INFO: [ app_init ] --START--
INFO: Run Behavior\BuildLiteBehavior [ RunTime:0.000013s ]
INFO: [ app_init ] --END-- [ RunTime:0.000549s ]
ERR: 无法加载模块:Newly

[ 2023-12-17T06:14:14+08:00 ] Demo001.io /jnd28.php
INFO: [ app_init ] --START--
INFO: Run Behavior\BuildLiteBehavior [ RunTime:0.000011s ]
INFO: [ app_init ] --END-- [ RunTime:0.000385s ]
ERR: 无法加载模块:Jnd28

[ 2023-12-17T06:19:34+08:00 ] Demo001.io /Uploads//carousel/kefu/2019-10-05/5d98b49b2756c.jpg
INFO: [ app_init ] --START--
INFO: Run Behavior\BuildLiteBehavior [ RunTime:0.000008s ]
INFO: [ app_init ] --END-- [ RunTime:0.000299s ]
ERR: 无法加载模块:Uploads

[ 2023-12-17T06:19:41+08:00 ] Demo001.io /Uploads//carousel/kefu/2019-10-05/5d98b49b2756c.jpg
INFO: [ app_init ] --START--
INFO: Run Behavior\BuildLiteBehavior [ RunTime:0.000010s ]
INFO: [ app_init ] --END-- [ RunTime:0.000603s ]
ERR: 无法加载模块:Uploads

[ 2023-12-17T06:19:43+08:00 ] Demo001.io /Uploads//carousel/kefu/2019-10-05/5d98b49b2756c.jpg
INFO: [ app_init ] --START--
INFO: Run Behavior\BuildLiteBehavior [ RunTime:0.000008s ]
INFO: [ app_init ] --END-- [ RunTime:0.000278s ]
ERR: 无法加载模块:Uploads

[ 2023-12-17T06:19:43+08:00 ] Demo001.io /favicon.ico
INFO: [ app_init ] --START--
INFO: Run Behavior\BuildLiteBehavior [ RunTime:0.000012s ]
INFO: [ app_init ] --END-- [ RunTime:0.000380s ]
ERR: 无法加载模块:Favicon

[ 2023-12-17T06:22:14+08:00 ] Demo001.io /Uploads//carousel/kefu/2019-10-05/5d98b49b2756c.jpg
INFO: [ app_init ] --START--
INFO: Run Behavior\BuildLiteBehavior [ RunTime:0.000012s ]
INFO: [ app_init ] --END-- [ RunTime:0.000498s ]
ERR: 无法加载模块:Uploads

[ 2023-12-17T06:29:12+08:00 ] Demo001.io /Uploads//carousel/kefu/2019-10-05/5d98b49b2756c.jpg
INFO: [ app_init ] --START--
INFO: Run Behavior\BuildLiteBehavior [ RunTime:0.000012s ]
INFO: [ app_init ] --END-- [ RunTime:0.000363s ]
ERR: 无法加载模块:Uploads

[ 2023-12-17T06:29:16+08:00 ] Demo001.io /Public/Home/statics/web/js/maps/swiper.jquery.min.js.map
INFO: [ app_init ] --START--
INFO: Run Behavior\BuildLiteBehavior [ RunTime:0.000011s ]
INFO: [ app_init ] --END-- [ RunTime:0.000331s ]
ERR: 无法加载模块:Public

[ 2023-12-17T06:33:49+08:00 ] Demo001.io /Public/Home/statics/web/js/maps/swiper.jquery.min.js.map
INFO: [ app_init ] --START--
INFO: Run Behavior\BuildLiteBehavior [ RunTime:0.000008s ]
INFO: [ app_init ] --END-- [ RunTime:0.000308s ]
ERR: 无法加载模块:Public

[ 2023-12-17T06:33:49+08:00 ] Demo001.io /Uploads//carousel/kefu/2019-10-05/5d98b49b2756c.jpg
INFO: [ app_init ] --START--
INFO: Run Behavior\BuildLiteBehavior [ RunTime:0.000011s ]
INFO: [ app_init ] --END-- [ RunTime:0.000770s ]
ERR: 无法加载模块:Uploads

[ 2023-12-17T06:33:57+08:00 ] Demo001.io /Uploads//carousel/kefu/2019-10-05/5d98b49b2756c.jpg
INFO: [ app_init ] --START--
INFO: Run Behavior\BuildLiteBehavior [ RunTime:0.000012s ]
INFO: [ app_init ] --END-- [ RunTime:0.000368s ]
ERR: 无法加载模块:Uploads

[ 2023-12-17T06:34:03+08:00 ] Demo001.io /Public/Home/statics/web/js/maps/swiper.jquery.min.js.map
INFO: [ app_init ] --START--
INFO: Run Behavior\BuildLiteBehavior [ RunTime:0.000008s ]
INFO: [ app_init ] --END-- [ RunTime:0.000354s ]
ERR: 无法加载模块:Public

[ 2023-12-17T06:45:56+08:00 ] Demo001.io /Public/Home//statics/web/extend/Validform_v5.3.2/css/style.css
INFO: [ app_init ] --START--
INFO: Run Behavior\BuildLiteBehavior [ RunTime:0.000011s ]
INFO: [ app_init ] --END-- [ RunTime:0.000422s ]
ERR: 无法加载模块:Public

[ 2023-12-17T06:45:56+08:00 ] Demo001.io /Public/Home/statics/web/extend/Validform_v5.3.2/js/Validform_v5.3.2_min.js
INFO: [ app_init ] --START--
INFO: Run Behavior\BuildLiteBehavior [ RunTime:0.000012s ]
INFO: [ app_init ] --END-- [ RunTime:0.000425s ]
ERR: 无法加载模块:Public

[ 2023-12-17T06:45:56+08:00 ] Demo001.io /Public/Home//statics/web/css/s_min.css
INFO: [ app_init ] --START--
INFO: Run Behavior\BuildLiteBehavior [ RunTime:0.000014s ]
INFO: [ app_init ] --END-- [ RunTime:0.000773s ]
ERR: 无法加载模块:Public

[ 2023-12-17T06:53:53+08:00 ] Demo001.io /Public/Home//statics/web/extend/Validform_v5.3.2/css/style.css
INFO: [ app_init ] --START--
INFO: Run Behavior\BuildLiteBehavior [ RunTime:0.000562s ]
INFO: [ app_init ] --END-- [ RunTime:0.001259s ]
ERR: 无法加载模块:Public

[ 2023-12-17T06:53:53+08:00 ] Demo001.io /Public/Home/statics/web/extend/Validform_v5.3.2/js/Validform_v5.3.2_min.js
INFO: [ app_init ] --START--
INFO: Run Behavior\BuildLiteBehavior [ RunTime:0.000012s ]
INFO: [ app_init ] --END-- [ RunTime:0.000534s ]
ERR: 无法加载模块:Public

[ 2023-12-17T06:53:53+08:00 ] Demo001.io /Public/Home//statics/web/css/s_min.css
INFO: [ app_init ] --START--
INFO: Run Behavior\BuildLiteBehavior [ RunTime:0.000012s ]
INFO: [ app_init ] --END-- [ RunTime:0.000564s ]
ERR: 无法加载模块:Public

[ 2023-12-17T06:54:07+08:00 ] Demo001.io /Public/Home//statics/web/extend/Validform_v5.3.2/css/style.css
INFO: [ app_init ] --START--
INFO: Run Behavior\BuildLiteBehavior [ RunTime:0.000009s ]
INFO: [ app_init ] --END-- [ RunTime:0.000391s ]
ERR: 无法加载模块:Public

[ 2023-12-17T06:54:07+08:00 ] Demo001.io /Public/Home/statics/web/extend/Validform_v5.3.2/js/Validform_v5.3.2_min.js
INFO: [ app_init ] --START--
INFO: Run Behavior\BuildLiteBehavior [ RunTime:0.000009s ]
INFO: [ app_init ] --END-- [ RunTime:0.000321s ]
ERR: 无法加载模块:Public

[ 2023-12-17T06:54:07+08:00 ] Demo001.io /Public/Home//statics/web/css/s_min.css
INFO: [ app_init ] --START--
INFO: Run Behavior\BuildLiteBehavior [ RunTime:0.000013s ]
INFO: [ app_init ] --END-- [ RunTime:0.000340s ]
ERR: 无法加载模块:Public

[ 2023-12-17T07:08:03+08:00 ] Demo001.io /Public/Home/statics/web/js/maps/swiper.jquery.min.js.map
INFO: [ app_init ] --START--
INFO: Run Behavior\BuildLiteBehavior [ RunTime:0.000012s ]
INFO: [ app_init ] --END-- [ RunTime:0.000406s ]
ERR: 无法加载模块:Public

[ 2023-12-17T07:08:12+08:00 ] Demo001.io /Public/Home/statics/web/js/maps/swiper.jquery.min.js.map
INFO: [ app_init ] --START--
INFO: Run Behavior\BuildLiteBehavior [ RunTime:0.000013s ]
INFO: [ app_init ] --END-- [ RunTime:0.000636s ]
ERR: 无法加载模块:Public

[ 2023-12-17T07:08:23+08:00 ] Demo001.io /Public/Admin/css/bootstrap.min.css.map
INFO: [ app_init ] --START--
INFO: Run Behavior\BuildLiteBehavior [ RunTime:0.000012s ]
INFO: [ app_init ] --END-- [ RunTime:0.000397s ]
ERR: 无法加载模块:Public

[ 2023-12-17T07:08:29+08:00 ] Demo001.io /Public/Admin/css/bootstrap.min.css.map
INFO: [ app_init ] --START--
INFO: Run Behavior\BuildLiteBehavior [ RunTime:0.000013s ]
INFO: [ app_init ] --END-- [ RunTime:0.000800s ]
ERR: 无法加载模块:Public

[ 2023-12-17T07:09:49+08:00 ] Demo001.io /Public/Admin/css/bootstrap.min.css.map
INFO: [ app_init ] --START--
INFO: Run Behavior\BuildLiteBehavior [ RunTime:0.000012s ]
INFO: [ app_init ] --END-- [ RunTime:0.000425s ]
ERR: 无法加载模块:Public

[ 2023-12-17T07:09:53+08:00 ] Demo001.io /Public/Admin/css/bootstrap.min.css.map
INFO: [ app_init ] --START--
INFO: Run Behavior\BuildLiteBehavior [ RunTime:0.000007s ]
INFO: [ app_init ] --END-- [ RunTime:0.000277s ]
ERR: 无法加载模块:Public

[ 2023-12-17T07:14:50+08:00 ] Demo001.io /Public/Home/statics/web/js/maps/swiper.jquery.min.js.map
INFO: [ app_init ] --START--
INFO: Run Behavior\BuildLiteBehavior [ RunTime:0.000011s ]
INFO: [ app_init ] --END-- [ RunTime:0.000381s ]
ERR: 无法加载模块:Public

[ 2023-12-17T07:14:53+08:00 ] Demo001.io /Public/Home/statics/web/js/maps/swiper.jquery.min.js.map
INFO: [ app_init ] --START--
INFO: Run Behavior\BuildLiteBehavior [ RunTime:0.000010s ]
INFO: [ app_init ] --END-- [ RunTime:0.000718s ]
ERR: 无法加载模块:Public

[ 2023-12-17T07:14:58+08:00 ] Demo001.io /Public/Home/statics/web/js/maps/swiper.jquery.min.js.map
INFO: [ app_init ] --START--
INFO: Run Behavior\BuildLiteBehavior [ RunTime:0.000012s ]
INFO: [ app_init ] --END-- [ RunTime:0.000476s ]
ERR: 无法加载模块:Public

[ 2023-12-17T07:15:02+08:00 ] Demo001.io /Public/Home//statics/web/extend/Validform_v5.3.2/css/style.css
INFO: [ app_init ] --START--
INFO: Run Behavior\BuildLiteBehavior [ RunTime:0.000014s ]
INFO: [ app_init ] --END-- [ RunTime:0.000866s ]
ERR: 无法加载模块:Public

[ 2023-12-17T07:15:02+08:00 ] Demo001.io /Public/Home//statics/web/css/s_min.css
INFO: [ app_init ] --START--
INFO: Run Behavior\BuildLiteBehavior [ RunTime:0.000011s ]
INFO: [ app_init ] --END-- [ RunTime:0.000372s ]
ERR: 无法加载模块:Public

[ 2023-12-17T07:15:02+08:00 ] Demo001.io /Public/Home/statics/web/extend/Validform_v5.3.2/js/Validform_v5.3.2_min.js
INFO: [ app_init ] --START--
INFO: Run Behavior\BuildLiteBehavior [ RunTime:0.000009s ]
INFO: [ app_init ] --END-- [ RunTime:0.000372s ]
ERR: 无法加载模块:Public

[ 2023-12-17T07:15:21+08:00 ] Demo001.io /Public/Admin/css/bootstrap.min.css.map
INFO: [ app_init ] --START--
INFO: Run Behavior\BuildLiteBehavior [ RunTime:0.000017s ]
INFO: [ app_init ] --END-- [ RunTime:0.000464s ]
ERR: 无法加载模块:Public

[ 2023-12-17T07:16:07+08:00 ] Demo001.io /Public/Admin/css/bootstrap.min.css.map
INFO: [ app_init ] --START--
INFO: Run Behavior\BuildLiteBehavior [ RunTime:0.000014s ]
INFO: [ app_init ] --END-- [ RunTime:0.000859s ]
ERR: 无法加载模块:Public

[ 2023-12-17T07:16:19+08:00 ] Demo001.io /Public/Home/statics/web/js/maps/swiper.jquery.min.js.map
INFO: [ app_init ] --START--
INFO: Run Behavior\BuildLiteBehavior [ RunTime:0.000013s ]
INFO: [ app_init ] --END-- [ RunTime:0.000601s ]
ERR: 无法加载模块:Public

[ 2023-12-17T07:16:32+08:00 ] Demo001.io /Public/Admin/css/bootstrap.min.css.map
INFO: [ app_init ] --START--
INFO: Run Behavior\BuildLiteBehavior [ RunTime:0.000013s ]
INFO: [ app_init ] --END-- [ RunTime:0.000398s ]
ERR: 无法加载模块:Public

[ 2023-12-17T07:16:34+08:00 ] Demo001.io /Public/Home/statics/web/js/maps/swiper.jquery.min.js.map
INFO: [ app_init ] --START--
INFO: Run Behavior\BuildLiteBehavior [ RunTime:0.000028s ]
INFO: [ app_init ] --END-- [ RunTime:0.000641s ]
ERR: 无法加载模块:Public

[ 2023-12-17T07:16:34+08:00 ] Demo001.io /Public/Admin/css/bootstrap.min.css.map
INFO: [ app_init ] --START--
INFO: Run Behavior\BuildLiteBehavior [ RunTime:0.000012s ]
INFO: [ app_init ] --END-- [ RunTime:0.000484s ]
ERR: 无法加载模块:Public

[ 2023-12-17T07:16:34+08:00 ] Demo001.io /Public/Home/statics/web/js/maps/swiper.jquery.min.js.map
INFO: [ app_init ] --START--
INFO: Run Behavior\BuildLiteBehavior [ RunTime:0.000014s ]
INFO: [ app_init ] --END-- [ RunTime:0.000391s ]
ERR: 无法加载模块:Public

[ 2023-12-17T07:16:34+08:00 ] Demo001.io /Public/Home/statics/web/js/maps/swiper.jquery.min.js.map
INFO: [ app_init ] --START--
INFO: Run Behavior\BuildLiteBehavior [ RunTime:0.000013s ]
INFO: [ app_init ] --END-- [ RunTime:0.000403s ]
ERR: 无法加载模块:Public

[ 2023-12-17T07:26:42+08:00 ] Demo001.io /Uploads//carousel/kefu/2019-10-05/5d98b49b2756c.jpg
INFO: [ app_init ] --START--
INFO: Run Behavior\BuildLiteBehavior [ RunTime:0.000007s ]
INFO: [ app_init ] --END-- [ RunTime:0.000237s ]
ERR: 无法加载模块:Uploads

[ 2023-12-17T07:26:43+08:00 ] Demo001.io /favicon.ico
INFO: [ app_init ] --START--
INFO: Run Behavior\BuildLiteBehavior [ RunTime:0.000008s ]
INFO: [ app_init ] --END-- [ RunTime:0.000332s ]
ERR: 无法加载模块:Favicon

[ 2023-12-17T07:26:51+08:00 ] Demo001.io /Uploads//carousel/kefu/2019-10-05/5d98b49b2756c.jpg
INFO: [ app_init ] --START--
INFO: Run Behavior\BuildLiteBehavior [ RunTime:0.000007s ]
INFO: [ app_init ] --END-- [ RunTime:0.000255s ]
ERR: 无法加载模块:Uploads

[ 2023-12-17T07:26:59+08:00 ] Demo001.io /Public/Home/statics/web/js/maps/swiper.jquery.min.js.map
INFO: [ app_init ] --START--
INFO: Run Behavior\BuildLiteBehavior [ RunTime:0.000007s ]
INFO: [ app_init ] --END-- [ RunTime:0.000526s ]
ERR: 无法加载模块:Public

[ 2023-12-17T07:46:53+08:00 ] Demo001.io /Uploads//carousel/kefu/2019-10-05/5d98b49b2756c.jpg
INFO: [ app_init ] --START--
INFO: Run Behavior\BuildLiteBehavior [ RunTime:0.000006s ]
INFO: [ app_init ] --END-- [ RunTime:0.000381s ]
ERR: 无法加载模块:Uploads

[ 2023-12-17T07:46:54+08:00 ] Demo001.io /Uploads//carousel/kefu/2019-10-05/5d98b49b2756c.jpg
INFO: [ app_init ] --START--
INFO: Run Behavior\BuildLiteBehavior [ RunTime:0.000007s ]
INFO: [ app_init ] --END-- [ RunTime:0.000244s ]
ERR: 无法加载模块:Uploads

[ 2023-12-17T07:46:55+08:00 ] Demo001.io /Uploads//carousel/kefu/2019-10-05/5d98b49b2756c.jpg
INFO: [ app_init ] --START--
INFO: Run Behavior\BuildLiteBehavior [ RunTime:0.000010s ]
INFO: [ app_init ] --END-- [ RunTime:0.000249s ]
ERR: 无法加载模块:Uploads

[ 2023-12-17T07:46:55+08:00 ] Demo001.io /Uploads//carousel/kefu/2019-10-05/5d98b49b2756c.jpg
INFO: [ app_init ] --START--
INFO: Run Behavior\BuildLiteBehavior [ RunTime:0.000007s ]
INFO: [ app_init ] --END-- [ RunTime:0.000240s ]
ERR: 无法加载模块:Uploads

[ 2023-12-17T07:46:55+08:00 ] Demo001.io /Uploads//carousel/kefu/2019-10-05/5d98b49b2756c.jpg
INFO: [ app_init ] --START--
INFO: Run Behavior\BuildLiteBehavior [ RunTime:0.000007s ]
INFO: [ app_init ] --END-- [ RunTime:0.000263s ]
ERR: 无法加载模块:Uploads

[ 2023-12-17T07:46:55+08:00 ] Demo001.io /Uploads//carousel/kefu/2019-10-05/5d98b49b2756c.jpg
INFO: [ app_init ] --START--
INFO: Run Behavior\BuildLiteBehavior [ RunTime:0.000007s ]
INFO: [ app_init ] --END-- [ RunTime:0.000262s ]
ERR: 无法加载模块:Uploads

[ 2023-12-17T07:46:55+08:00 ] Demo001.io /Uploads//carousel/kefu/2019-10-05/5d98b49b2756c.jpg
INFO: [ app_init ] --START--
INFO: Run Behavior\BuildLiteBehavior [ RunTime:0.000007s ]
INFO: [ app_init ] --END-- [ RunTime:0.000256s ]
ERR: 无法加载模块:Uploads

[ 2023-12-17T07:46:55+08:00 ] Demo001.io /Uploads//carousel/kefu/2019-10-05/5d98b49b2756c.jpg
INFO: [ app_init ] --START--
INFO: Run Behavior\BuildLiteBehavior [ RunTime:0.000010s ]
INFO: [ app_init ] --END-- [ RunTime:0.000322s ]
ERR: 无法加载模块:Uploads

[ 2023-12-17T07:47:18+08:00 ] Demo001.io /Uploads//carousel/kefu/2019-10-05/5d98b49b2756c.jpg
INFO: [ app_init ] --START--
INFO: Run Behavior\BuildLiteBehavior [ RunTime:0.000006s ]
INFO: [ app_init ] --END-- [ RunTime:0.000268s ]
ERR: 无法加载模块:Uploads

[ 2023-12-17T07:47:54+08:00 ] Demo001.io /Uploads//carousel/kefu/2019-10-05/5d98b49b2756c.jpg
INFO: [ app_init ] --START--
INFO: Run Behavior\BuildLiteBehavior [ RunTime:0.000010s ]
INFO: [ app_init ] --END-- [ RunTime:0.000533s ]
ERR: 无法加载模块:Uploads

[ 2023-12-17T08:55:32+08:00 ] 103.166.184.168 /Uploads//carousel/kefu/2019-10-05/5d98b49b2756c.jpg
INFO: [ app_init ] --START--
INFO: Run Behavior\BuildLiteBehavior [ RunTime:0.000008s ]
INFO: [ app_init ] --END-- [ RunTime:0.000290s ]
ERR: 无法加载模块:Uploads

[ 2023-12-17T08:55:32+08:00 ] 103.166.184.168 /favicon.ico
INFO: [ app_init ] --START--
INFO: Run Behavior\BuildLiteBehavior [ RunTime:0.000023s ]
INFO: [ app_init ] --END-- [ RunTime:0.000847s ]
ERR: 无法加载模块:Favicon

[ 2023-12-17T08:56:20+08:00 ] 171.224.178.51 /Uploads//carousel/kefu/2019-10-05/5d98b49b2756c.jpg
INFO: [ app_init ] --START--
INFO: Run Behavior\BuildLiteBehavior [ RunTime:0.000006s ]
INFO: [ app_init ] --END-- [ RunTime:0.000230s ]
ERR: 无法加载模块:Uploads

[ 2023-12-17T08:56:21+08:00 ] 171.224.178.51 /favicon.ico
INFO: [ app_init ] --START--
INFO: Run Behavior\BuildLiteBehavior [ RunTime:0.000007s ]
INFO: [ app_init ] --END-- [ RunTime:0.000273s ]
ERR: 无法加载模块:Favicon

[ 2023-12-17T08:56:34+08:00 ] 171.224.178.51 /Public/Home/statics/web/js/maps/swiper.jquery.min.js.map
INFO: [ app_init ] --START--
INFO: Run Behavior\BuildLiteBehavior [ RunTime:0.000007s ]
INFO: [ app_init ] --END-- [ RunTime:0.000438s ]
ERR: 无法加载模块:Public

[ 2023-12-17T08:56:36+08:00 ] 171.224.178.51 /Uploads//carousel/kefu/2019-10-05/5d98b49b2756c.jpg
INFO: [ app_init ] --START--
INFO: Run Behavior\BuildLiteBehavior [ RunTime:0.000007s ]
INFO: [ app_init ] --END-- [ RunTime:0.000323s ]
ERR: 无法加载模块:Uploads

[ 2023-12-17T08:56:36+08:00 ] 171.224.178.51 /Public/Home/statics/web/js/maps/swiper.jquery.min.js.map
INFO: [ app_init ] --START--
INFO: Run Behavior\BuildLiteBehavior [ RunTime:0.000007s ]
INFO: [ app_init ] --END-- [ RunTime:0.000278s ]
ERR: 无法加载模块:Public

[ 2023-12-17T08:56:38+08:00 ] 171.224.178.51 /Uploads//carousel/kefu/2019-10-05/5d98b49b2756c.jpg
INFO: [ app_init ] --START--
INFO: Run Behavior\BuildLiteBehavior [ RunTime:0.000008s ]
INFO: [ app_init ] --END-- [ RunTime:0.000290s ]
ERR: 无法加载模块:Uploads

[ 2023-12-17T08:56:38+08:00 ] 171.224.178.51 /Public/Home/statics/web/js/maps/swiper.jquery.min.js.map
INFO: [ app_init ] --START--
INFO: Run Behavior\BuildLiteBehavior [ RunTime:0.000007s ]
INFO: [ app_init ] --END-- [ RunTime:0.000334s ]
ERR: 无法加载模块:Public

[ 2023-12-17T08:56:44+08:00 ] 171.224.178.51 /Uploads//carousel/kefu/2019-10-05/5d98b49b2756c.jpg
INFO: [ app_init ] --START--
INFO: Run Behavior\BuildLiteBehavior [ RunTime:0.000007s ]
INFO: [ app_init ] --END-- [ RunTime:0.000290s ]
ERR: 无法加载模块:Uploads

[ 2023-12-17T08:56:50+08:00 ] 171.224.178.51 /Public/Home/statics/web/js/maps/swiper.jquery.min.js.map
INFO: [ app_init ] --START--
INFO: Run Behavior\BuildLiteBehavior [ RunTime:0.000008s ]
INFO: [ app_init ] --END-- [ RunTime:0.000333s ]
ERR: 无法加载模块:Public

[ 2023-12-17T09:00:13+08:00 ] 103.166.184.168 /Uploads//carousel/kefu/2019-10-05/5d98b49b2756c.jpg
INFO: [ app_init ] --START--
INFO: Run Behavior\BuildLiteBehavior [ RunTime:0.000008s ]
INFO: [ app_init ] --END-- [ RunTime:0.000377s ]
ERR: 无法加载模块:Uploads

[ 2023-12-17T09:00:14+08:00 ] 103.166.184.168 /Public/Home//statics/web/extend/Validform_v5.3.2/css/style.css
INFO: [ app_init ] --START--
INFO: Run Behavior\BuildLiteBehavior [ RunTime:0.000008s ]
INFO: [ app_init ] --END-- [ RunTime:0.000343s ]
ERR: 无法加载模块:Public

[ 2023-12-17T09:00:14+08:00 ] 103.166.184.168 /Public/Home/statics/web/extend/Validform_v5.3.2/js/Validform_v5.3.2_min.js
INFO: [ app_init ] --START--
INFO: Run Behavior\BuildLiteBehavior [ RunTime:0.000006s ]
INFO: [ app_init ] --END-- [ RunTime:0.000249s ]
ERR: 无法加载模块:Public

[ 2023-12-17T09:00:14+08:00 ] 103.166.184.168 /Public/Home//statics/web/css/s_min.css
INFO: [ app_init ] --START--
INFO: Run Behavior\BuildLiteBehavior [ RunTime:0.000007s ]
INFO: [ app_init ] --END-- [ RunTime:0.000359s ]
ERR: 无法加载模块:Public

[ 2023-12-17T09:00:20+08:00 ] 103.166.184.168 /Public/Home//statics/web/extend/Validform_v5.3.2/css/style.css
INFO: [ app_init ] --START--
INFO: Run Behavior\BuildLiteBehavior [ RunTime:0.000009s ]
INFO: [ app_init ] --END-- [ RunTime:0.000300s ]
ERR: 无法加载模块:Public

[ 2023-12-17T09:00:20+08:00 ] 103.166.184.168 /Public/Home/statics/web/extend/Validform_v5.3.2/js/Validform_v5.3.2_min.js
INFO: [ app_init ] --START--
INFO: Run Behavior\BuildLiteBehavior [ RunTime:0.000007s ]
INFO: [ app_init ] --END-- [ RunTime:0.000241s ]
ERR: 无法加载模块:Public

[ 2023-12-17T09:00:20+08:00 ] 103.166.184.168 /Public/Home//statics/web/css/s_min.css
INFO: [ app_init ] --START--
INFO: Run Behavior\BuildLiteBehavior [ RunTime:0.000006s ]
INFO: [ app_init ] --END-- [ RunTime:0.000288s ]
ERR: 无法加载模块:Public

[ 2023-12-17T09:00:26+08:00 ] 103.166.184.168 /Public/Home//statics/web/extend/Validform_v5.3.2/css/style.css
INFO: [ app_init ] --START--
INFO: Run Behavior\BuildLiteBehavior [ RunTime:0.000010s ]
INFO: [ app_init ] --END-- [ RunTime:0.000360s ]
ERR: 无法加载模块:Public

[ 2023-12-17T09:00:26+08:00 ] 103.166.184.168 /Public/Home//statics/web/css/s_min.css
INFO: [ app_init ] --START--
INFO: Run Behavior\BuildLiteBehavior [ RunTime:0.000006s ]
INFO: [ app_init ] --END-- [ RunTime:0.000241s ]
ERR: 无法加载模块:Public

[ 2023-12-17T09:00:26+08:00 ] 103.166.184.168 /Public/Home/statics/web/extend/Validform_v5.3.2/js/Validform_v5.3.2_min.js
INFO: [ app_init ] --START--
INFO: Run Behavior\BuildLiteBehavior [ RunTime:0.000006s ]
INFO: [ app_init ] --END-- [ RunTime:0.000303s ]
ERR: 无法加载模块:Public

[ 2023-12-17T09:00:31+08:00 ] 103.166.184.168 /Uploads//carousel/kefu/2019-10-05/5d98b49b2756c.jpg
INFO: [ app_init ] --START--
INFO: Run Behavior\BuildLiteBehavior [ RunTime:0.000007s ]
INFO: [ app_init ] --END-- [ RunTime:0.000285s ]
ERR: 无法加载模块:Uploads

[ 2023-12-17T09:03:44+08:00 ] 171.224.178.51 /Uploads//carousel/kefu/2019-10-05/5d98b49b2756c.jpg
INFO: [ app_init ] --START--
INFO: Run Behavior\BuildLiteBehavior [ RunTime:0.000008s ]
INFO: [ app_init ] --END-- [ RunTime:0.000276s ]
ERR: 无法加载模块:Uploads

[ 2023-12-17T09:03:44+08:00 ] 171.224.178.51 /Public/Home/statics/web/js/maps/swiper.jquery.min.js.map
INFO: [ app_init ] --START--
INFO: Run Behavior\BuildLiteBehavior [ RunTime:0.000008s ]
INFO: [ app_init ] --END-- [ RunTime:0.000342s ]
ERR: 无法加载模块:Public

[ 2023-12-17T09:08:07+08:00 ] 171.224.178.51 /Uploads//carousel/kefu/2019-10-05/5d98b49b2756c.jpg
INFO: [ app_init ] --START--
INFO: Run Behavior\BuildLiteBehavior [ RunTime:0.000015s ]
INFO: [ app_init ] --END-- [ RunTime:0.000261s ]
ERR: 无法加载模块:Uploads

[ 2023-12-17T09:08:07+08:00 ] 171.224.178.51 /Public/Home/statics/web/js/maps/swiper.jquery.min.js.map
INFO: [ app_init ] --START--
INFO: Run Behavior\BuildLiteBehavior [ RunTime:0.000005s ]
INFO: [ app_init ] --END-- [ RunTime:0.000279s ]
ERR: 无法加载模块:Public

[ 2023-12-17T09:08:09+08:00 ] 171.224.178.51 /Public/Home//statics/web/extend/Validform_v5.3.2/css/style.css
INFO: [ app_init ] --START--
INFO: Run Behavior\BuildLiteBehavior [ RunTime:0.000007s ]
INFO: [ app_init ] --END-- [ RunTime:0.000365s ]
ERR: 无法加载模块:Public

[ 2023-12-17T09:08:09+08:00 ] 171.224.178.51 /Public/Home//statics/web/css/s_min.css
INFO: [ app_init ] --START--
INFO: Run Behavior\BuildLiteBehavior [ RunTime:0.000007s ]
INFO: [ app_init ] --END-- [ RunTime:0.000338s ]
ERR: 无法加载模块:Public

[ 2023-12-17T09:08:09+08:00 ] 171.224.178.51 /Public/Home/statics/web/extend/Validform_v5.3.2/js/Validform_v5.3.2_min.js
INFO: [ app_init ] --START--
INFO: Run Behavior\BuildLiteBehavior [ RunTime:0.000006s ]
INFO: [ app_init ] --END-- [ RunTime:0.000283s ]
ERR: 无法加载模块:Public

[ 2023-12-17T09:08:16+08:00 ] 171.224.178.51 /Public/Admin/css/bootstrap.min.css.map
INFO: [ app_init ] --START--
INFO: Run Behavior\BuildLiteBehavior [ RunTime:0.000007s ]
INFO: [ app_init ] --END-- [ RunTime:0.000426s ]
ERR: 无法加载模块:Public

[ 2023-12-17T09:08:18+08:00 ] 183.91.188.229 /Public/Home/statics/web/extend/Validform_v5.3.2/js/Validform_v5.3.2_min.js
INFO: [ app_init ] --START--
INFO: Run Behavior\BuildLiteBehavior [ RunTime:0.000008s ]
INFO: [ app_init ] --END-- [ RunTime:0.000345s ]
ERR: 无法加载模块:Public

[ 2023-12-17T09:08:18+08:00 ] 183.91.188.229 /Public/Home//statics/web/extend/Validform_v5.3.2/css/style.css
INFO: [ app_init ] --START--
INFO: Run Behavior\BuildLiteBehavior [ RunTime:0.000009s ]
INFO: [ app_init ] --END-- [ RunTime:0.000356s ]
ERR: 无法加载模块:Public

[ 2023-12-17T09:08:19+08:00 ] 183.91.188.229 /Public/Home//statics/web/css/s_min.css
INFO: [ app_init ] --START--
INFO: Run Behavior\BuildLiteBehavior [ RunTime:0.000008s ]
INFO: [ app_init ] --END-- [ RunTime:0.000301s ]
ERR: 无法加载模块:Public

[ 2023-12-17T09:09:05+08:00 ] 171.224.178.51 /Uploads//carousel/kefu/2019-10-05/5d98b49b2756c.jpg
INFO: [ app_init ] --START--
INFO: Run Behavior\BuildLiteBehavior [ RunTime:0.000006s ]
INFO: [ app_init ] --END-- [ RunTime:0.000286s ]
ERR: 无法加载模块:Uploads

[ 2023-12-17T09:09:05+08:00 ] 171.224.178.51 /Public/Home/statics/web/js/maps/swiper.jquery.min.js.map
INFO: [ app_init ] --START--
INFO: Run Behavior\BuildLiteBehavior [ RunTime:0.000007s ]
INFO: [ app_init ] --END-- [ RunTime:0.000286s ]
ERR: 无法加载模块:Public

[ 2023-12-17T09:09:13+08:00 ] 171.224.178.51 /Uploads//carousel/kefu/2019-10-05/5d98b49b2756c.jpg
INFO: [ app_init ] --START--
INFO: Run Behavior\BuildLiteBehavior [ RunTime:0.000006s ]
INFO: [ app_init ] --END-- [ RunTime:0.000374s ]
ERR: 无法加载模块:Uploads

[ 2023-12-17T09:09:33+08:00 ] 171.224.178.51 /Uploads//carousel/kefu/2019-10-05/5d98b49b2756c.jpg
INFO: [ app_init ] --START--
INFO: Run Behavior\BuildLiteBehavior [ RunTime:0.000007s ]
INFO: [ app_init ] --END-- [ RunTime:0.000271s ]
ERR: 无法加载模块:Uploads

[ 2023-12-17T09:10:24+08:00 ] 171.224.178.51 /Uploads//carousel/kefu/2019-10-05/5d98b49b2756c.jpg
INFO: [ app_init ] --START--
INFO: Run Behavior\BuildLiteBehavior [ RunTime:0.000006s ]
INFO: [ app_init ] --END-- [ RunTime:0.000231s ]
ERR: 无法加载模块:Uploads

[ 2023-12-17T09:10:27+08:00 ] 171.224.178.51 /Uploads//carousel/kefu/2019-10-05/5d98b49b2756c.jpg
INFO: [ app_init ] --START--
INFO: Run Behavior\BuildLiteBehavior [ RunTime:0.000009s ]
INFO: [ app_init ] --END-- [ RunTime:0.000497s ]
ERR: 无法加载模块:Uploads

[ 2023-12-17T09:21:46+08:00 ] 171.224.178.51 /Uploads//carousel/kefu/2019-10-05/5d98b49b2756c.jpg
INFO: [ app_init ] --START--
INFO: Run Behavior\BuildLiteBehavior [ RunTime:0.000006s ]
INFO: [ app_init ] --END-- [ RunTime:0.000239s ]
ERR: 无法加载模块:Uploads

[ 2023-12-17T09:26:56+08:00 ] 167.248.133.52 /favicon.ico
INFO: [ app_init ] --START--
INFO: Run Behavior\BuildLiteBehavior [ RunTime:0.000005s ]
INFO: [ app_init ] --END-- [ RunTime:0.000266s ]
ERR: 无法加载模块:Favicon

